<?xml version="1.0" encoding="UTF-8"?>
<!-- Generated by org.testng.reporters.JUnitXMLReporter -->
<testsuite ignored="0" hostname="Raghav" failures="0" tests="3" name="Test" time="44.971" errors="0" timestamp="2024-05-22T10:33:01 IST">
  <testcase classname="ReportPrograms.ConnectFromBaseClass_new" name="test1" time="0.068"/>
  <testcase classname="ReportPrograms.ConnectFromBaseClass_new" name="test2" time="0.0"/>
  <testcase classname="ReportPrograms.ConnectFromBaseClass_new" name="test3" time="0.01"/>
</testsuite> <!-- Test -->
