<?xml version="1.0" encoding="UTF-8"?>
<!-- Generated by org.testng.reporters.JUnitXMLReporter -->
<testsuite ignored="0" hostname="Raghav" failures="0" tests="3" name="Default test" time="41.714" errors="0" timestamp="2024-05-22T11:04:14 IST">
  <testcase classname="ReportPrograms.ConnectFromBaseClass_new" name="test1" time="0.055"/>
  <testcase classname="ReportPrograms.ConnectFromBaseClass_new" name="test2" time="0.008"/>
  <testcase classname="ReportPrograms.ConnectFromBaseClass_new" name="test3" time="0.003"/>
</testsuite> <!-- Default test -->
